time="2025-01-12T21:24:05+05:00" level=fatal msg="Error loading .env file: open .env: no such file or directory"
time="2025-01-12T21:24:23+05:00" level=fatal msg="Error loading .env file: open .env: no such file or directory"
time="2025-01-12T21:27:20+05:00" level=fatal msg="Error loading .env file: open ../cmd/wether_api_with_cache: no such file or directory"
time="2025-01-12T21:27:56+05:00" level=fatal msg="Error loading .env file: open ../cmd/wether_api_with_cache.env: no such file or directory"
time="2025-01-12T21:28:06+05:00" level=fatal msg="Error loading .env file: open ../cmd/wether_api_with_cache/.env: no such file or directory"
time="2025-01-12T21:28:51+05:00" level=fatal msg="Error loading .env file: open ./cmd/wether_api_with_cache/.env: no such file or directory"
time="2025-01-12T21:29:08+05:00" level=info msg="Connected to Redis"
time="2025-01-12T21:29:08+05:00" level=info msg="Starting server on port: 8080"
time="2025-01-12T21:29:21+05:00" level=info msg="Creating a new limiter for ip: ::1, with rateLimit: 0.016666666666666666"
time="2025-01-12T21:29:21+05:00" level=info msg="Success init URL"
time="2025-01-12T21:29:21+05:00" level=info msg="Redis in null"
time="2025-01-12T21:29:22+05:00" level=info msg="Success get JSON"
time="2025-01-12T21:29:22+05:00" level=info msg="{\"City\":\"Surgut\",\"Temperature\":\"-15.80\",\"Forecast\":\"Similar temperatures continuing with no rain expected.\",\"Date\":\"2025-01-12\",\"Moonphase\":0.44}-new value"
time="2025-01-12T21:29:22+05:00" level=info msg="new value success get"
time="2025-01-12T21:29:23+05:00" level=info msg="Success init URL"
time="2025-01-12T21:29:23+05:00" level=info msg="{\"City\":\"Surgut\",\"Temperature\":\"-15.80\",\"Forecast\":\"Similar temperatures continuing with no rain expected.\",\"Date\":\"2025-01-12\",\"Moonphase\":0.44}-old value"
time="2025-01-12T21:29:23+05:00" level=info msg="old value success get"
time="2025-01-12T21:29:24+05:00" level=info msg="Success init URL"
time="2025-01-12T21:29:24+05:00" level=info msg="{\"City\":\"Surgut\",\"Temperature\":\"-15.80\",\"Forecast\":\"Similar temperatures continuing with no rain expected.\",\"Date\":\"2025-01-12\",\"Moonphase\":0.44}-old value"
time="2025-01-12T21:29:24+05:00" level=info msg="old value success get"
time="2025-01-12T21:29:24+05:00" level=info msg="Success init URL"
time="2025-01-12T21:29:24+05:00" level=info msg="{\"City\":\"Surgut\",\"Temperature\":\"-15.80\",\"Forecast\":\"Similar temperatures continuing with no rain expected.\",\"Date\":\"2025-01-12\",\"Moonphase\":0.44}-old value"
time="2025-01-12T21:29:24+05:00" level=info msg="old value success get"
time="2025-01-12T21:29:25+05:00" level=info msg="Success init URL"
time="2025-01-12T21:29:25+05:00" level=info msg="{\"City\":\"Surgut\",\"Temperature\":\"-15.80\",\"Forecast\":\"Similar temperatures continuing with no rain expected.\",\"Date\":\"2025-01-12\",\"Moonphase\":0.44}-old value"
time="2025-01-12T21:29:25+05:00" level=info msg="old value success get"
time="2025-01-12T21:29:25+05:00" level=warning msg="Rate limit exceeded for ip: ::1"
time="2025-01-12T21:29:43+05:00" level=info msg="Connected to Redis"
time="2025-01-12T21:29:43+05:00" level=info msg="Starting server on port: 8080"
time="2025-01-12T21:29:57+05:00" level=fatal msg="Error loading .env file: open ./cmd/wethaer_api_with_cache/.env: no such file or directory"
time="2025-01-12T21:30:06+05:00" level=info msg="Connected to Redis"
time="2025-01-12T21:30:06+05:00" level=info msg="Starting server on port: 8080"
